<?xml version="1.0" encoding="UTF-8"?>
<!-- Generated by org.testng.reporters.JUnitReportReporter -->
<testsuite hostname="DESKTOP-61RC89F" failures="0" tests="3" name="gentilmenproject.dashboard" time="3.258" errors="0" timestamp="2024-06-20T15:03:41 IST" skipped="0">
  <testcase classname="gentilmenproject.dashboard" name="headerpart" time="0.914"/>
  <system-out/>
  <testcase classname="gentilmenproject.dashboard" name="welcome" time="1.081"/>
  <system-out/>
  <testcase classname="gentilmenproject.dashboard" name="signout" time="1.263"/>
  <system-out/>
</testsuite> <!-- gentilmenproject.dashboard -->
