<?xml version="1.0" encoding="UTF-8"?>
<!-- Generated by org.testng.reporters.JUnitReportReporter -->
<testsuite hostname="DESKTOP-61RC89F" failures="0" tests="9" name="gentilmenproject.Login1" time="12.573" errors="0" timestamp="2024-06-20T15:27:16 IST" skipped="0">
  <testcase classname="gentilmenproject.Login1" name="verifytitle" time="0.058"/>
  <system-out/>
  <testcase classname="gentilmenproject.Login1" name="validlogin" time="5.937"/>
  <system-out/>
  <testcase classname="gentilmenproject.Login1" name="invalidnamelogin" time="1.006"/>
  <system-out/>
  <testcase classname="gentilmenproject.Login1" name="invalidpasswordfiledlogin" time="0.960"/>
  <system-out/>
  <testcase classname="gentilmenproject.Login1" name="invalidfieldslogin" time="0.922"/>
  <system-out/>
  <testcase classname="gentilmenproject.Login1" name="blanknamefieldlogin" time="0.596"/>
  <system-out/>
  <testcase classname="gentilmenproject.Login1" name="blankpasswordfieldlogin" time="0.782"/>
  <system-out/>
  <testcase classname="gentilmenproject.Login1" name="blankinputfieldlogin" time="0.798"/>
  <system-out/>
  <testcase classname="gentilmenproject.Login1" name="forgotemailid" time="1.514"/>
  <system-out/>
</testsuite> <!-- gentilmenproject.Login1 -->
