<?xml version="1.0" encoding="UTF-8"?>
<!-- Generated by org.testng.reporters.JUnitReportReporter -->
<testsuite hostname="DESKTOP-61RC89F" failures="0" tests="2" name="gentilmenproject.Loginpage" time="0.018" errors="0" timestamp="2024-06-18T15:10:13 IST" skipped="1">
  <testcase classname="gentilmenproject.Loginpage" name="b" time="0.018"/>
  <system-out/>
  <testcase classname="gentilmenproject.Loginpage" name="a">
    <skipped/>
  </testcase> <!-- a -->
  <system-out/>
</testsuite> <!-- gentilmenproject.Loginpage -->
