<?xml version="1.0" encoding="UTF-8"?>
<!-- Generated by org.testng.reporters.JUnitReportReporter -->
<testsuite hostname="DESKTOP-61RC89F" failures="0" tests="12" name="gentilmenproject.dashboardtitle" time="13.611" errors="0" timestamp="2024-06-25T10:22:35 IST" skipped="1">
  <testcase classname="gentilmenproject.dashboardtitle" name="dashboard" time="0.875"/>
  <system-out/>
  <testcase classname="gentilmenproject.dashboardtitle" name="designtion" time="1.255"/>
  <system-out/>
  <testcase classname="gentilmenproject.dashboardtitle" name="Items" time="3.268"/>
  <system-out/>
  <testcase classname="gentilmenproject.dashboardtitle" name="Mutualbranchtransferrequest" time="0.748"/>
  <system-out/>
  <testcase classname="gentilmenproject.dashboardtitle" name="BranchestockRequestApproval" time="1.178"/>
  <system-out/>
  <testcase classname="gentilmenproject.dashboardtitle" name="Branches" time="0.826"/>
  <system-out/>
  <testcase classname="gentilmenproject.dashboardtitle" name="Categorys" time="1.216"/>
  <system-out/>
  <testcase classname="gentilmenproject.dashboardtitle" name="TotalEmployees" time="1.126"/>
  <system-out/>
  <testcase classname="gentilmenproject.dashboardtitle" name="BranchReturns" time="1.697"/>
  <system-out/>
  <testcase classname="gentilmenproject.dashboardtitle" name="Vendors" time="0.719"/>
  <system-out/>
  <testcase classname="gentilmenproject.dashboardtitle" name="ReorderNotificationMaster" time="0.703"/>
  <system-out/>
  <testcase classname="gentilmenproject.dashboardtitle" name="Stock">
    <skipped/>
  </testcase> <!-- Stock -->
  <system-out/>
</testsuite> <!-- gentilmenproject.dashboardtitle -->
