<?xml version="1.0" encoding="UTF-8"?>
<!-- Generated by org.testng.reporters.JUnitReportReporter -->
<testsuite hostname="DESKTOP-61RC89F" failures="0" tests="3" name="gentilmenproject.forgot" time="3.983" errors="0" timestamp="2024-06-19T16:29:57 IST" skipped="1">
  <testcase classname="gentilmenproject.forgot" name="vaildemailid" time="2.116"/>
  <system-out/>
  <testcase classname="gentilmenproject.forgot" name="invaildemailid" time="1.867"/>
  <system-out/>
  <testcase classname="gentilmenproject.forgot" name="blankemailid">
    <skipped/>
  </testcase> <!-- blankemailid -->
  <system-out/>
</testsuite> <!-- gentilmenproject.forgot -->
