<?xml version="1.0" encoding="UTF-8"?>
<!-- Generated by org.testng.reporters.JUnitReportReporter -->
<testsuite hostname="DESKTOP-61RC89F" failures="0" tests="14" name="gentilmenproject.vendors" time="48.436" errors="0" timestamp="2024-07-02T14:47:23 IST" skipped="2">
  <testcase classname="gentilmenproject.vendors" name="vendors" time="1.006"/>
  <system-out/>
  <testcase classname="gentilmenproject.vendors" name="Home" time="1.351"/>
  <system-out/>
  <testcase classname="gentilmenproject.vendors" name="back" time="0.721"/>
  <system-out/>
  <testcase classname="gentilmenproject.vendors" name="search" time="1.974"/>
  <system-out/>
  <testcase classname="gentilmenproject.vendors" name="dropdown" time="1.989"/>
  <system-out/>
  <testcase classname="gentilmenproject.vendors" name="print" time="0.511"/>
  <system-out/>
  <testcase classname="gentilmenproject.vendors" name="excel" time="11.345"/>
  <system-out/>
  <testcase classname="gentilmenproject.vendors" name="slno" time="0.296"/>
  <system-out/>
  <testcase classname="gentilmenproject.vendors" name="addvendor" time="1.226"/>
  <system-out/>
  <testcase classname="gentilmenproject.vendors" name="vaildusername" time="13.740"/>
  <system-out/>
  <testcase classname="gentilmenproject.vendors" name="invaildusername" time="13.927"/>
  <system-out/>
  <testcase classname="gentilmenproject.vendors" name="testDeleteButton" time="0.350"/>
  <system-out/>
  <testcase classname="gentilmenproject.vendors" name="csv">
    <skipped/>
  </testcase> <!-- csv -->
  <system-out/>
  <testcase classname="gentilmenproject.vendors" name="pdf">
    <skipped/>
  </testcase> <!-- pdf -->
  <system-out/>
</testsuite> <!-- gentilmenproject.vendors -->
